# JRE version: Java(TM) SE Runtime Environment (8.0_45-b14) (build 1.8.0_45-b14)
# Java VM: Java HotSpot(TM) 64-Bit Server VM (25.45-b02 mixed mode bsd-amd64 compressed oops)
Heap:
 PSYoungGen      total 243712K, used 163196K [0x00000007aab00000, 0x00000007ba700000, 0x00000007c0000000)
  eden space 235520K, 69% used [0x00000007aab00000,0x00000007b4a5f228,0x00000007b9100000)
  from space 8192K, 0% used [0x00000007b9f00000,0x00000007b9f00000,0x00000007ba700000)
  to   space 11264K, 0% used [0x00000007b9100000,0x00000007b9100000,0x00000007b9c00000)
 ParOldGen       total 128000K, used 71608K [0x0000000780000000, 0x0000000787d00000, 0x00000007aab00000)
  object space 128000K, 55% used [0x0000000780000000,0x00000007845ee370,0x0000000787d00000)
 Metaspace       used 43083K, capacity 43740K, committed 43776K, reserved 1087488K
  class space    used 4678K, capacity 4837K, committed 4864K, reserved 1048576K
GC Heap History (10 events):
Event: 64.376 GC heap before
{Heap before GC invocations=64 (full 3):
 PSYoungGen      total 201728K, used 193632K [0x00000007aab00000, 0x00000007b7d80000, 0x00000007c0000000)
  eden space 187904K, 100% used [0x00000007aab00000,0x00000007b6280000,0x00000007b6280000)
  from space 13824K, 41% used [0x00000007b6f80000,0x00000007b7518020,0x00000007b7d00000)
  to   space 13312K, 0% used [0x00000007b6280000,0x00000007b6280000,0x00000007b6f80000)
 ParOldGen       total 90624K, used 67059K [0x0000000780000000, 0x0000000785880000, 0x00000007aab00000)
  object space 90624K, 73% used [0x0000000780000000,0x000000078417cd40,0x0000000785880000)
 Metaspace       used 42488K, capacity 42988K, committed 43264K, reserved 1087488K
  class space    used 4654K, capacity 4781K, committed 4864K, reserved 1048576K
Event: 64.406 GC heap after
Heap after GC invocations=64 (full 3):
 PSYoungGen      total 201216K, used 2752K [0x00000007aab00000, 0x00000007b9300000, 0x00000007c0000000)
  eden space 187904K, 0% used [0x00000007aab00000,0x00000007aab00000,0x00000007b6280000)
  from space 13312K, 20% used [0x00000007b6280000,0x00000007b6530000,0x00000007b6f80000)
  to   space 12800K, 0% used [0x00000007b8680000,0x00000007b8680000,0x00000007b9300000)
 ParOldGen       total 90624K, used 72439K [0x0000000780000000, 0x0000000785880000, 0x00000007aab00000)
  object space 90624K, 79% used [0x0000000780000000,0x00000007846bdd68,0x0000000785880000)
 Metaspace       used 42488K, capacity 42988K, committed 43264K, reserved 1087488K
  class space    used 4654K, capacity 4781K, committed 4864K, reserved 1048576K
}
Event: 66.515 GC heap before
{Heap before GC invocations=65 (full 3):
 PSYoungGen      total 201216K, used 190656K [0x00000007aab00000, 0x00000007b9300000, 0x00000007c0000000)
  eden space 187904K, 100% used [0x00000007aab00000,0x00000007b6280000,0x00000007b6280000)
  from space 13312K, 20% used [0x00000007b6280000,0x00000007b6530000,0x00000007b6f80000)
  to   space 12800K, 0% used [0x00000007b8680000,0x00000007b8680000,0x00000007b9300000)
 ParOldGen       total 90624K, used 72439K [0x0000000780000000, 0x0000000785880000, 0x00000007aab00000)
  object space 90624K, 79% used [0x0000000780000000,0x00000007846bdd68,0x0000000785880000)
 Metaspace       used 42561K, capacity 43052K, committed 43264K, reserved 1087488K
  class space    used 4656K, capacity 4781K, committed 4864K, reserved 1048576K
Event: 66.543 GC heap after
Heap after GC invocations=65 (full 3):
 PSYoungGen      total 221696K, used 4960K [0x00000007aab00000, 0x00000007b9100000, 0x00000007c0000000)
  eden space 210944K, 0% used [0x00000007aab00000,0x00000007aab00000,0x00000007b7900000)
  from space 10752K, 46% used [0x00000007b8680000,0x00000007b8b58000,0x00000007b9100000)
  to   space 12288K, 0% used [0x00000007b7900000,0x00000007b7900000,0x00000007b8500000)
 ParOldGen       total 90624K, used 74799K [0x0000000780000000, 0x0000000785880000, 0x00000007aab00000)
  object space 90624K, 82% used [0x0000000780000000,0x000000078490bd68,0x0000000785880000)
 Metaspace       used 42561K, capacity 43052K, committed 43264K, reserved 1087488K
  class space    used 4656K, capacity 4781K, committed 4864K, reserved 1048576K
}
Event: 68.021 GC heap before
{Heap before GC invocations=66 (full 3):
 PSYoungGen      total 221696K, used 215904K [0x00000007aab00000, 0x00000007b9100000, 0x00000007c0000000)
  eden space 210944K, 100% used [0x00000007aab00000,0x00000007b7900000,0x00000007b7900000)
  from space 10752K, 46% used [0x00000007b8680000,0x00000007b8b58000,0x00000007b9100000)
  to   space 12288K, 0% used [0x00000007b7900000,0x00000007b7900000,0x00000007b8500000)
 ParOldGen       total 90624K, used 74799K [0x0000000780000000, 0x0000000785880000, 0x00000007aab00000)
  object space 90624K, 82% used [0x0000000780000000,0x000000078490bd68,0x0000000785880000)
 Metaspace       used 42706K, capacity 43254K, committed 43520K, reserved 1087488K
  class space    used 4669K, capacity 4804K, committed 4864K, reserved 1048576K
Event: 68.062 GC heap after
Heap after GC invocations=66 (full 3):
 PSYoungGen      total 223232K, used 3136K [0x00000007aab00000, 0x00000007baa80000, 0x00000007c0000000)
  eden space 210944K, 0% used [0x00000007aab00000,0x00000007aab00000,0x00000007b7900000)
  from space 12288K, 25% used [0x00000007b7900000,0x00000007b7c10000,0x00000007b8500000)
  to   space 11776K, 0% used [0x00000007b9f00000,0x00000007b9f00000,0x00000007baa80000)
 ParOldGen       total 90624K, used 79399K [0x0000000780000000, 0x0000000785880000, 0x00000007aab00000)
  object space 90624K, 87% used [0x0000000780000000,0x0000000784d89d68,0x0000000785880000)
 Metaspace       used 42706K, capacity 43254K, committed 43520K, reserved 1087488K
  class space    used 4669K, capacity 4804K, committed 4864K, reserved 1048576K
}
Event: 76.620 GC heap before
{Heap before GC invocations=67 (full 3):
 PSYoungGen      total 223232K, used 214080K [0x00000007aab00000, 0x00000007baa80000, 0x00000007c0000000)
  eden space 210944K, 100% used [0x00000007aab00000,0x00000007b7900000,0x00000007b7900000)
  from space 12288K, 25% used [0x00000007b7900000,0x00000007b7c10000,0x00000007b8500000)
  to   space 11776K, 0% used [0x00000007b9f00000,0x00000007b9f00000,0x00000007baa80000)
 ParOldGen       total 90624K, used 79399K [0x0000000780000000, 0x0000000785880000, 0x00000007aab00000)
  object space 90624K, 87% used [0x0000000780000000,0x0000000784d89d68,0x0000000785880000)
 Metaspace       used 42847K, capacity 43414K, committed 43520K, reserved 1087488K
  class space    used 4678K, capacity 4836K, committed 4864K, reserved 1048576K
Event: 76.648 GC heap after
Heap after GC invocations=67 (full 3):
 PSYoungGen      total 243712K, used 4992K [0x00000007aab00000, 0x00000007ba700000, 0x00000007c0000000)
  eden space 235520K, 0% used [0x00000007aab00000,0x00000007aab00000,0x00000007b9100000)
  from space 8192K, 60% used [0x00000007b9f00000,0x00000007ba3e0000,0x00000007ba700000)
  to   space 11264K, 0% used [0x00000007b9100000,0x00000007b9100000,0x00000007b9c00000)
 ParOldGen       total 90624K, used 82014K [0x0000000780000000, 0x0000000785880000, 0x00000007aab00000)
  object space 90624K, 90% used [0x0000000780000000,0x0000000785017a50,0x0000000785880000)
 Metaspace       used 42847K, capacity 43414K, committed 43520K, reserved 1087488K
  class space    used 4678K, capacity 4836K, committed 4864K, reserved 1048576K
}
Event: 76.648 GC heap before
{Heap before GC invocations=68 (full 4):
 PSYoungGen      total 243712K, used 4992K [0x00000007aab00000, 0x00000007ba700000, 0x00000007c0000000)
  eden space 235520K, 0% used [0x00000007aab00000,0x00000007aab00000,0x00000007b9100000)
  from space 8192K, 60% used [0x00000007b9f00000,0x00000007ba3e0000,0x00000007ba700000)
  to   space 11264K, 0% used [0x00000007b9100000,0x00000007b9100000,0x00000007b9c00000)
 ParOldGen       total 90624K, used 82014K [0x0000000780000000, 0x0000000785880000, 0x00000007aab00000)
  object space 90624K, 90% used [0x0000000780000000,0x0000000785017a50,0x0000000785880000)
 Metaspace       used 42847K, capacity 43414K, committed 43520K, reserved 1087488K
  class space    used 4678K, capacity 4836K, committed 4864K, reserved 1048576K
Event: 76.953 GC heap after
Heap after GC invocations=68 (full 4):
 PSYoungGen      total 243712K, used 0K [0x00000007aab00000, 0x00000007ba700000, 0x00000007c0000000)
  eden space 235520K, 0% used [0x00000007aab00000,0x00000007aab00000,0x00000007b9100000)
  from space 8192K, 0% used [0x00000007b9f00000,0x00000007b9f00000,0x00000007ba700000)
  to   space 11264K, 0% used [0x00000007b9100000,0x00000007b9100000,0x00000007b9c00000)
 ParOldGen       total 128000K, used 71608K [0x0000000780000000, 0x0000000787d00000, 0x00000007aab00000)
  object space 128000K, 55% used [0x0000000780000000,0x00000007845ee370,0x0000000787d00000)
 Metaspace       used 42847K, capacity 43414K, committed 43520K, reserved 1087488K
  class space    used 4678K, capacity 4836K, committed 4864K, reserved 1048576K
}

