# JRE version: Java(TM) SE Runtime Environment (8.0_45-b14) (build 1.8.0_45-b14)
# Java VM: Java HotSpot(TM) 64-Bit Server VM (25.45-b02 mixed mode bsd-amd64 compressed oops)
Heap:
 PSYoungGen      total 279040K, used 53125K [0x00000007aab00000, 0x00000007c0000000, 0x00000007c0000000)
  eden space 225280K, 0% used [0x00000007aab00000,0x00000007aab00000,0x00000007b8700000)
  from space 53760K, 98% used [0x00000007bcb80000,0x00000007bff615c8,0x00000007c0000000)
  to   space 61952K, 0% used [0x00000007b8700000,0x00000007b8700000,0x00000007bc380000)
 ParOldGen       total 274432K, used 201362K [0x0000000780000000, 0x0000000790c00000, 0x00000007aab00000)
  object space 274432K, 73% used [0x0000000780000000,0x000000078c4a4a58,0x0000000790c00000)
 Metaspace       used 72055K, capacity 72830K, committed 72960K, reserved 1116160K
  class space    used 6444K, capacity 6817K, committed 6912K, reserved 1048576K
GC Heap History (10 events):
Event: 61.521 GC heap after
Heap after GC invocations=27 (full 5):
 PSYoungGen      total 301056K, used 12446K [0x00000007aab00000, 0x00000007c0000000, 0x00000007c0000000)
  eden space 250880K, 0% used [0x00000007aab00000,0x00000007aab00000,0x00000007ba000000)
  from space 50176K, 24% used [0x00000007bcf00000,0x00000007bdb27ba0,0x00000007c0000000)
  to   space 48128K, 0% used [0x00000007ba000000,0x00000007ba000000,0x00000007bcf00000)
 ParOldGen       total 274432K, used 201338K [0x0000000780000000, 0x0000000790c00000, 0x00000007aab00000)
  object space 274432K, 73% used [0x0000000780000000,0x000000078c49ea58,0x0000000790c00000)
 Metaspace       used 43263K, capacity 43946K, committed 44288K, reserved 1089536K
  class space    used 4636K, capacity 4782K, committed 4864K, reserved 1048576K
}
Event: 68.679 GC heap before
{Heap before GC invocations=28 (full 5):
 PSYoungGen      total 301056K, used 263326K [0x00000007aab00000, 0x00000007c0000000, 0x00000007c0000000)
  eden space 250880K, 100% used [0x00000007aab00000,0x00000007ba000000,0x00000007ba000000)
  from space 50176K, 24% used [0x00000007bcf00000,0x00000007bdb27ba0,0x00000007c0000000)
  to   space 48128K, 0% used [0x00000007ba000000,0x00000007ba000000,0x00000007bcf00000)
 ParOldGen       total 274432K, used 201338K [0x0000000780000000, 0x0000000790c00000, 0x00000007aab00000)
  object space 274432K, 73% used [0x0000000780000000,0x000000078c49ea58,0x0000000790c00000)
 Metaspace       used 43355K, capacity 44042K, committed 44288K, reserved 1089536K
  class space    used 4644K, capacity 4814K, committed 4864K, reserved 1048576K
Event: 68.724 GC heap after
Heap after GC invocations=28 (full 5):
 PSYoungGen      total 264704K, used 13599K [0x00000007aab00000, 0x00000007bfb00000, 0x00000007c0000000)
  eden space 250880K, 0% used [0x00000007aab00000,0x00000007aab00000,0x00000007ba000000)
  from space 13824K, 98% used [0x00000007ba000000,0x00000007bad47c30,0x00000007bad80000)
  to   space 46592K, 0% used [0x00000007bcd80000,0x00000007bcd80000,0x00000007bfb00000)
 ParOldGen       total 274432K, used 201346K [0x0000000780000000, 0x0000000790c00000, 0x00000007aab00000)
  object space 274432K, 73% used [0x0000000780000000,0x000000078c4a0a58,0x0000000790c00000)
 Metaspace       used 43355K, capacity 44042K, committed 44288K, reserved 1089536K
  class space    used 4644K, capacity 4814K, committed 4864K, reserved 1048576K
}
Event: 96.667 GC heap before
{Heap before GC invocations=29 (full 5):
 PSYoungGen      total 264704K, used 264479K [0x00000007aab00000, 0x00000007bfb00000, 0x00000007c0000000)
  eden space 250880K, 100% used [0x00000007aab00000,0x00000007ba000000,0x00000007ba000000)
  from space 13824K, 98% used [0x00000007ba000000,0x00000007bad47c30,0x00000007bad80000)
  to   space 46592K, 0% used [0x00000007bcd80000,0x00000007bcd80000,0x00000007bfb00000)
 ParOldGen       total 274432K, used 201346K [0x0000000780000000, 0x0000000790c00000, 0x00000007aab00000)
  object space 274432K, 73% used [0x0000000780000000,0x000000078c4a0a58,0x0000000790c00000)
 Metaspace       used 45150K, capacity 45862K, committed 46080K, reserved 1089536K
  class space    used 4907K, capacity 5076K, committed 5120K, reserved 1048576K
Event: 96.724 GC heap after
Heap after GC invocations=29 (full 5):
 PSYoungGen      total 296960K, used 27785K [0x00000007aab00000, 0x00000007c0000000, 0x00000007c0000000)
  eden space 250368K, 0% used [0x00000007aab00000,0x00000007aab00000,0x00000007b9f80000)
  from space 46592K, 59% used [0x00000007bcd80000,0x00000007be8a2580,0x00000007bfb00000)
  to   space 47104K, 0% used [0x00000007b9f80000,0x00000007b9f80000,0x00000007bcd80000)
 ParOldGen       total 274432K, used 201354K [0x0000000780000000, 0x0000000790c00000, 0x00000007aab00000)
  object space 274432K, 73% used [0x0000000780000000,0x000000078c4a2a58,0x0000000790c00000)
 Metaspace       used 45150K, capacity 45862K, committed 46080K, reserved 1089536K
  class space    used 4907K, capacity 5076K, committed 5120K, reserved 1048576K
}
Event: 279.488 GC heap before
{Heap before GC invocations=30 (full 5):
 PSYoungGen      total 296960K, used 278153K [0x00000007aab00000, 0x00000007c0000000, 0x00000007c0000000)
  eden space 250368K, 100% used [0x00000007aab00000,0x00000007b9f80000,0x00000007b9f80000)
  from space 46592K, 59% used [0x00000007bcd80000,0x00000007be8a2580,0x00000007bfb00000)
  to   space 47104K, 0% used [0x00000007b9f80000,0x00000007b9f80000,0x00000007bcd80000)
 ParOldGen       total 274432K, used 201354K [0x0000000780000000, 0x0000000790c00000, 0x00000007aab00000)
  object space 274432K, 73% used [0x0000000780000000,0x000000078c4a2a58,0x0000000790c00000)
 Metaspace       used 54767K, capacity 55486K, committed 55808K, reserved 1099776K
  class space    used 5725K, capacity 6049K, committed 6144K, reserved 1048576K
Event: 279.749 GC heap after
Heap after GC invocations=30 (full 5):
 PSYoungGen      total 295424K, used 45047K [0x00000007aab00000, 0x00000007c0000000, 0x00000007c0000000)
  eden space 250368K, 0% used [0x00000007aab00000,0x00000007aab00000,0x00000007b9f80000)
  from space 45056K, 99% used [0x00000007b9f80000,0x00000007bcb7df68,0x00000007bcb80000)
  to   space 53760K, 0% used [0x00000007bcb80000,0x00000007bcb80000,0x00000007c0000000)
 ParOldGen       total 274432K, used 201362K [0x0000000780000000, 0x0000000790c00000, 0x00000007aab00000)
  object space 274432K, 73% used [0x0000000780000000,0x000000078c4a4a58,0x0000000790c00000)
 Metaspace       used 54767K, capacity 55486K, committed 55808K, reserved 1099776K
  class space    used 5725K, capacity 6049K, committed 6144K, reserved 1048576K
}
Event: 297.355 GC heap before
{Heap before GC invocations=31 (full 5):
 PSYoungGen      total 295424K, used 60451K [0x00000007aab00000, 0x00000007c0000000, 0x00000007c0000000)
  eden space 250368K, 6% used [0x00000007aab00000,0x00000007aba0af58,0x00000007b9f80000)
  from space 45056K, 99% used [0x00000007b9f80000,0x00000007bcb7df68,0x00000007bcb80000)
  to   space 53760K, 0% used [0x00000007bcb80000,0x00000007bcb80000,0x00000007c0000000)
 ParOldGen       total 274432K, used 201362K [0x0000000780000000, 0x0000000790c00000, 0x00000007aab00000)
  object space 274432K, 73% used [0x0000000780000000,0x000000078c4a4a58,0x0000000790c00000)
 Metaspace       used 72055K, capacity 72830K, committed 72960K, reserved 1116160K
  class space    used 6444K, capacity 6817K, committed 6912K, reserved 1048576K
Event: 297.481 GC heap after
Heap after GC invocations=31 (full 5):
 PSYoungGen      total 279040K, used 53125K [0x00000007aab00000, 0x00000007c0000000, 0x00000007c0000000)
  eden space 225280K, 0% used [0x00000007aab00000,0x00000007aab00000,0x00000007b8700000)
  from space 53760K, 98% used [0x00000007bcb80000,0x00000007bff615c8,0x00000007c0000000)
  to   space 61952K, 0% used [0x00000007b8700000,0x00000007b8700000,0x00000007bc380000)
 ParOldGen       total 274432K, used 201362K [0x0000000780000000, 0x0000000790c00000, 0x00000007aab00000)
  object space 274432K, 73% used [0x0000000780000000,0x000000078c4a4a58,0x0000000790c00000)
 Metaspace       used 72055K, capacity 72830K, committed 72960K, reserved 1116160K
  class space    used 6444K, capacity 6817K, committed 6912K, reserved 1048576K
}
Event: 297.481 GC heap before
{Heap before GC invocations=32 (full 6):
 PSYoungGen      total 279040K, used 53125K [0x00000007aab00000, 0x00000007c0000000, 0x00000007c0000000)
  eden space 225280K, 0% used [0x00000007aab00000,0x00000007aab00000,0x00000007b8700000)
  from space 53760K, 98% used [0x00000007bcb80000,0x00000007bff615c8,0x00000007c0000000)
  to   space 61952K, 0% used [0x00000007b8700000,0x00000007b8700000,0x00000007bc380000)
 ParOldGen       total 274432K, used 201362K [0x0000000780000000, 0x0000000790c00000, 0x00000007aab00000)
  object space 274432K, 73% used [0x0000000780000000,0x000000078c4a4a58,0x0000000790c00000)
 Metaspace       used 72055K, capacity 72830K, committed 72960K, reserved 1116160K
  class space    used 6444K, capacity 6817K, committed 6912K, reserved 1048576K

