# JRE version: Java(TM) SE Runtime Environment (8.0_45-b14) (build 1.8.0_45-b14)
# Java VM: Java HotSpot(TM) 64-Bit Server VM (25.45-b02 mixed mode bsd-amd64 compressed oops)
Heap:
 PSYoungGen      total 332288K, used 8050K [0x00000007aab00000, 0x00000007bfe80000, 0x00000007c0000000)
  eden space 318976K, 0% used [0x00000007aab00000,0x00000007aab00000,0x00000007be280000)
  from space 13312K, 60% used [0x00000007bf180000,0x00000007bf95c810,0x00000007bfe80000)
  to   space 14336K, 0% used [0x00000007be280000,0x00000007be280000,0x00000007bf080000)
 ParOldGen       total 263168K, used 189627K [0x0000000780000000, 0x0000000790100000, 0x00000007aab00000)
  object space 263168K, 72% used [0x0000000780000000,0x000000078b92eee0,0x0000000790100000)
 Metaspace       used 82428K, capacity 83262K, committed 83416K, reserved 1126400K
  class space    used 6875K, capacity 7271K, committed 7296K, reserved 1048576K
GC Heap History (10 events):
Event: 820.438 GC heap after
Heap after GC invocations=157 (full 7):
 PSYoungGen      total 328192K, used 4530K [0x00000007aab00000, 0x00000007bfd80000, 0x00000007c0000000)
  eden space 312832K, 0% used [0x00000007aab00000,0x00000007aab00000,0x00000007bdc80000)
  from space 15360K, 29% used [0x00000007bee80000,0x00000007bf2ec810,0x00000007bfd80000)
  to   space 16896K, 0% used [0x00000007bdc80000,0x00000007bdc80000,0x00000007bed00000)
 ParOldGen       total 263168K, used 189627K [0x0000000780000000, 0x0000000790100000, 0x00000007aab00000)
  object space 263168K, 72% used [0x0000000780000000,0x000000078b92eee0,0x0000000790100000)
 Metaspace       used 58327K, capacity 59212K, committed 59392K, reserved 1101824K
  class space    used 5621K, capacity 6020K, committed 6144K, reserved 1048576K
}
Event: 864.621 GC heap before
{Heap before GC invocations=158 (full 7):
 PSYoungGen      total 328192K, used 317362K [0x00000007aab00000, 0x00000007bfd80000, 0x00000007c0000000)
  eden space 312832K, 100% used [0x00000007aab00000,0x00000007bdc80000,0x00000007bdc80000)
  from space 15360K, 29% used [0x00000007bee80000,0x00000007bf2ec810,0x00000007bfd80000)
  to   space 16896K, 0% used [0x00000007bdc80000,0x00000007bdc80000,0x00000007bed00000)
 ParOldGen       total 263168K, used 189627K [0x0000000780000000, 0x0000000790100000, 0x00000007aab00000)
  object space 263168K, 72% used [0x0000000780000000,0x000000078b92eee0,0x0000000790100000)
 Metaspace       used 64408K, capacity 65292K, committed 65536K, reserved 1107968K
  class space    used 5880K, capacity 6276K, committed 6400K, reserved 1048576K
Event: 864.667 GC heap after
Heap after GC invocations=158 (full 7):
 PSYoungGen      total 329728K, used 6455K [0x00000007aab00000, 0x00000007c0000000, 0x00000007c0000000)
  eden space 312832K, 0% used [0x00000007aab00000,0x00000007aab00000,0x00000007bdc80000)
  from space 16896K, 38% used [0x00000007bdc80000,0x00000007be2cdfb0,0x00000007bed00000)
  to   space 16384K, 0% used [0x00000007bf000000,0x00000007bf000000,0x00000007c0000000)
 ParOldGen       total 263168K, used 189627K [0x0000000780000000, 0x0000000790100000, 0x00000007aab00000)
  object space 263168K, 72% used [0x0000000780000000,0x000000078b92eee0,0x0000000790100000)
 Metaspace       used 64408K, capacity 65292K, committed 65536K, reserved 1107968K
  class space    used 5880K, capacity 6276K, committed 6400K, reserved 1048576K
}
Event: 896.255 GC heap before
{Heap before GC invocations=159 (full 7):
 PSYoungGen      total 329728K, used 319287K [0x00000007aab00000, 0x00000007c0000000, 0x00000007c0000000)
  eden space 312832K, 100% used [0x00000007aab00000,0x00000007bdc80000,0x00000007bdc80000)
  from space 16896K, 38% used [0x00000007bdc80000,0x00000007be2cdfb0,0x00000007bed00000)
  to   space 16384K, 0% used [0x00000007bf000000,0x00000007bf000000,0x00000007c0000000)
 ParOldGen       total 263168K, used 189627K [0x0000000780000000, 0x0000000790100000, 0x00000007aab00000)
  object space 263168K, 72% used [0x0000000780000000,0x000000078b92eee0,0x0000000790100000)
 Metaspace       used 70999K, capacity 71838K, committed 72064K, reserved 1114112K
  class space    used 6259K, capacity 6663K, committed 6784K, reserved 1048576K
Event: 896.295 GC heap after
Heap after GC invocations=159 (full 7):
 PSYoungGen      total 329728K, used 5760K [0x00000007aab00000, 0x00000007bfd80000, 0x00000007c0000000)
  eden space 315904K, 0% used [0x00000007aab00000,0x00000007aab00000,0x00000007bdf80000)
  from space 13824K, 41% used [0x00000007bf000000,0x00000007bf5a0008,0x00000007bfd80000)
  to   space 15360K, 0% used [0x00000007bdf80000,0x00000007bdf80000,0x00000007bee80000)
 ParOldGen       total 263168K, used 189627K [0x0000000780000000, 0x0000000790100000, 0x00000007aab00000)
  object space 263168K, 72% used [0x0000000780000000,0x000000078b92eee0,0x0000000790100000)
 Metaspace       used 70999K, capacity 71838K, committed 72064K, reserved 1114112K
  class space    used 6259K, capacity 6663K, committed 6784K, reserved 1048576K
}
Event: 922.402 GC heap before
{Heap before GC invocations=160 (full 7):
 PSYoungGen      total 329728K, used 321664K [0x00000007aab00000, 0x00000007bfd80000, 0x00000007c0000000)
  eden space 315904K, 100% used [0x00000007aab00000,0x00000007bdf80000,0x00000007bdf80000)
  from space 13824K, 41% used [0x00000007bf000000,0x00000007bf5a0008,0x00000007bfd80000)
  to   space 15360K, 0% used [0x00000007bdf80000,0x00000007bdf80000,0x00000007bee80000)
 ParOldGen       total 263168K, used 189627K [0x0000000780000000, 0x0000000790100000, 0x00000007aab00000)
  object space 263168K, 72% used [0x0000000780000000,0x000000078b92eee0,0x0000000790100000)
 Metaspace       used 77932K, capacity 78782K, committed 78976K, reserved 1122304K
  class space    used 6633K, capacity 7015K, committed 7040K, reserved 1048576K
Event: 922.477 GC heap after
Heap after GC invocations=160 (full 7):
 PSYoungGen      total 331264K, used 6816K [0x00000007aab00000, 0x00000007c0000000, 0x00000007c0000000)
  eden space 315904K, 0% used [0x00000007aab00000,0x00000007aab00000,0x00000007bdf80000)
  from space 15360K, 44% used [0x00000007bdf80000,0x00000007be628008,0x00000007bee80000)
  to   space 14848K, 0% used [0x00000007bf180000,0x00000007bf180000,0x00000007c0000000)
 ParOldGen       total 263168K, used 189627K [0x0000000780000000, 0x0000000790100000, 0x00000007aab00000)
  object space 263168K, 72% used [0x0000000780000000,0x000000078b92eee0,0x0000000790100000)
 Metaspace       used 77932K, capacity 78782K, committed 78976K, reserved 1122304K
  class space    used 6633K, capacity 7015K, committed 7040K, reserved 1048576K
}
Event: 935.154 GC heap before
{Heap before GC invocations=161 (full 7):
 PSYoungGen      total 331264K, used 260275K [0x00000007aab00000, 0x00000007c0000000, 0x00000007c0000000)
  eden space 315904K, 80% used [0x00000007aab00000,0x00000007ba284d58,0x00000007bdf80000)
  from space 15360K, 44% used [0x00000007bdf80000,0x00000007be628008,0x00000007bee80000)
  to   space 14848K, 0% used [0x00000007bf180000,0x00000007bf180000,0x00000007c0000000)
 ParOldGen       total 263168K, used 189627K [0x0000000780000000, 0x0000000790100000, 0x00000007aab00000)
  object space 263168K, 72% used [0x0000000780000000,0x000000078b92eee0,0x0000000790100000)
 Metaspace       used 82428K, capacity 83262K, committed 83416K, reserved 1126400K
  class space    used 6875K, capacity 7271K, committed 7296K, reserved 1048576K
Event: 935.224 GC heap after
Heap after GC invocations=161 (full 7):
 PSYoungGen      total 332288K, used 8050K [0x00000007aab00000, 0x00000007bfe80000, 0x00000007c0000000)
  eden space 318976K, 0% used [0x00000007aab00000,0x00000007aab00000,0x00000007be280000)
  from space 13312K, 60% used [0x00000007bf180000,0x00000007bf95c810,0x00000007bfe80000)
  to   space 14336K, 0% used [0x00000007be280000,0x00000007be280000,0x00000007bf080000)
 ParOldGen       total 263168K, used 189627K [0x0000000780000000, 0x0000000790100000, 0x00000007aab00000)
  object space 263168K, 72% used [0x0000000780000000,0x000000078b92eee0,0x0000000790100000)
 Metaspace       used 82428K, capacity 83262K, committed 83416K, reserved 1126400K
  class space    used 6875K, capacity 7271K, committed 7296K, reserved 1048576K
}
Event: 935.224 GC heap before
{Heap before GC invocations=162 (full 8):
 PSYoungGen      total 332288K, used 8050K [0x00000007aab00000, 0x00000007bfe80000, 0x00000007c0000000)
  eden space 318976K, 0% used [0x00000007aab00000,0x00000007aab00000,0x00000007be280000)
  from space 13312K, 60% used [0x00000007bf180000,0x00000007bf95c810,0x00000007bfe80000)
  to   space 14336K, 0% used [0x00000007be280000,0x00000007be280000,0x00000007bf080000)
 ParOldGen       total 263168K, used 189627K [0x0000000780000000, 0x0000000790100000, 0x00000007aab00000)
  object space 263168K, 72% used [0x0000000780000000,0x000000078b92eee0,0x0000000790100000)
 Metaspace       used 82428K, capacity 83262K, committed 83416K, reserved 1126400K
  class space    used 6875K, capacity 7271K, committed 7296K, reserved 1048576K

